<?xml version="1.0" encoding="UTF-8"?>
<!-- Generated by org.testng.reporters.JUnitReportReporter -->
<testsuite hostname="LAPTOP-2A2K6UEC" failures="0" tests="2" name="working.test" time="0.006" errors="0" timestamp="2023-10-12T22:14:15 IST" skipped="0">
  <testcase classname="working.test" name="test1" time="0.005"/>
  <system-out/>
  <testcase classname="working.test" name="test1" time="0.001"/>
  <system-out/>
</testsuite> <!-- working.test -->
