<?xml version="1.0" encoding="UTF-8"?>
<!-- Generated by org.testng.reporters.JUnitReportReporter -->
<testsuite hostname="LAPTOP-2A2K6UEC" failures="0" tests="4" name="testCases.QueryComparisonTestNG" time="0.294" errors="0" timestamp="2023-10-26T21:40:53 IST" skipped="0">
  <testcase classname="testCases.QueryComparisonTestNG" name="testListsEquality" time="0.186"/>
  <system-out/>
  <testcase classname="testCases.QueryComparisonTestNG" name="testListsEquality" time="0.097"/>
  <system-out/>
  <testcase classname="testCases.QueryComparisonTestNG" name="testListsEquality" time="0.006"/>
  <system-out/>
  <testcase classname="testCases.QueryComparisonTestNG" name="testListsEquality" time="0.005"/>
  <system-out/>
</testsuite> <!-- testCases.QueryComparisonTestNG -->
