<?xml version="1.0" encoding="UTF-8"?>
<!-- Generated by org.testng.reporters.JUnitReportReporter -->
<testsuite hostname="LAPTOP-2A2K6UEC" failures="0" tests="4" name="etl.QueryComparisonTestNG" time="0.880" errors="0" timestamp="2023-10-20T20:48:48 IST" skipped="0">
  <testcase classname="etl.QueryComparisonTestNG" name="testListsEquality" time="0.610"/>
  <system-out/>
  <testcase classname="etl.QueryComparisonTestNG" name="testListsEquality" time="0.132"/>
  <system-out/>
  <testcase classname="etl.QueryComparisonTestNG" name="testListsEquality" time="0.069"/>
  <system-out/>
  <testcase classname="etl.QueryComparisonTestNG" name="testListsEquality" time="0.069"/>
  <system-out/>
</testsuite> <!-- etl.QueryComparisonTestNG -->
