<?xml version="1.0" encoding="UTF-8"?>
<!-- Generated by org.testng.reporters.JUnitReportReporter -->
<testsuite hostname="LAPTOP-2A2K6UEC" failures="0" tests="4" name="testCases.QueryComparisonTestNG" time="0.214" errors="0" timestamp="2023-10-20T23:55:56 IST" skipped="0">
  <testcase classname="testCases.QueryComparisonTestNG" name="testListsEquality" time="0.130"/>
  <system-out/>
  <testcase classname="testCases.QueryComparisonTestNG" name="testListsEquality" time="0.005"/>
  <system-out/>
  <testcase classname="testCases.QueryComparisonTestNG" name="testListsEquality" time="0.074"/>
  <system-out/>
  <testcase classname="testCases.QueryComparisonTestNG" name="testListsEquality" time="0.005"/>
  <system-out/>
</testsuite> <!-- testCases.QueryComparisonTestNG -->
