<?xml version="1.0" encoding="UTF-8"?>
<!-- Generated by org.testng.reporters.JUnitReportReporter -->
<testsuite hostname="LAPTOP-2A2K6UEC" failures="0" tests="4" name="testCases.QueryComparisonTestNG" time="0.033" errors="0" timestamp="2023-11-01T11:07:28 IST" skipped="0">
  <testcase classname="testCases.QueryComparisonTestNG" name="testListsEquality" time="0.004"/>
  <system-out/>
  <testcase classname="testCases.QueryComparisonTestNG" name="testListsEquality" time="0.017"/>
  <system-out/>
  <testcase classname="testCases.QueryComparisonTestNG" name="testListsEquality" time="0.007"/>
  <system-out/>
  <testcase classname="testCases.QueryComparisonTestNG" name="testListsEquality" time="0.005"/>
  <system-out/>
</testsuite> <!-- testCases.QueryComparisonTestNG -->
