<?xml version="1.0" encoding="UTF-8"?>
<!-- Generated by org.testng.reporters.JUnitReportReporter -->
<testsuite hostname="LAPTOP-2A2K6UEC" failures="0" tests="2" name="etl.QueryComparisonTestNG" time="1.078" errors="0" timestamp="2023-10-13T00:57:28 IST" skipped="0">
  <testcase classname="etl.QueryComparisonTestNG" name="testListsEquality" time="1.006"/>
  <system-out/>
  <testcase classname="etl.QueryComparisonTestNG" name="testListsEquality" time="0.072"/>
  <system-out/>
</testsuite> <!-- etl.QueryComparisonTestNG -->
