<?xml version="1.0" encoding="UTF-8"?>
<!-- Generated by org.testng.reporters.JUnitReportReporter -->
<testsuite hostname="LAPTOP-2A2K6UEC" failures="0" tests="1" name="etl.test" time="0.006" errors="0" timestamp="2023-10-12T14:34:05 IST" skipped="0">
  <testcase classname="etl.test" name="test" time="0.006"/>
  <system-out/>
</testsuite> <!-- etl.test -->
