<?xml version="1.0" encoding="UTF-8"?>
<testsuite xmlns:xsi="http://www.w3.org/2001/XMLSchema-instance" xsi:noNamespaceSchemaLocation="https://maven.apache.org/surefire/maven-surefire-plugin/xsd/surefire-test-report-3.0.xsd" version="3.0" name="TestSuite" time="13.667" tests="16" errors="0" skipped="0" failures="2">
  <properties>
    <property name="sun.desktop" value="windows"/>
    <property name="awt.toolkit" value="sun.awt.windows.WToolkit"/>
    <property name="java.specification.version" value="11"/>
    <property name="sun.cpu.isalist" value="amd64"/>
    <property name="sun.jnu.encoding" value="Cp1252"/>
    <property name="java.class.path" value="C:\Bibhu\etl-test-automation\target\test-classes;C:\Bibhu\etl-test-automation\target\classes;C:\Users\Bibhuprasad.Mohanty\.m2\repository\log4j\log4j\1.2.17\log4j-1.2.17.jar;C:\Users\Bibhuprasad.Mohanty\.m2\repository\com\opencsv\opencsv\5.9\opencsv-5.9.jar;C:\Users\Bibhuprasad.Mohanty\.m2\repository\org\apache\commons\commons-lang3\3.13.0\commons-lang3-3.13.0.jar;C:\Users\Bibhuprasad.Mohanty\.m2\repository\org\apache\commons\commons-text\1.11.0\commons-text-1.11.0.jar;C:\Users\Bibhuprasad.Mohanty\.m2\repository\commons-beanutils\commons-beanutils\1.9.4\commons-beanutils-1.9.4.jar;C:\Users\Bibhuprasad.Mohanty\.m2\repository\commons-logging\commons-logging\1.2\commons-logging-1.2.jar;C:\Users\Bibhuprasad.Mohanty\.m2\repository\commons-collections\commons-collections\3.2.2\commons-collections-3.2.2.jar;C:\Users\Bibhuprasad.Mohanty\.m2\repository\org\apache\commons\commons-collections4\4.4\commons-collections4-4.4.jar;C:\Users\Bibhuprasad.Mohanty\.m2\repository\com\aventstack\extentreports\5.1.1\extentreports-5.1.1.jar;C:\Users\Bibhuprasad.Mohanty\.m2\repository\io\reactivex\rxjava3\rxjava\3.1.6\rxjava-3.1.6.jar;C:\Users\Bibhuprasad.Mohanty\.m2\repository\org\reactivestreams\reactive-streams\1.0.4\reactive-streams-1.0.4.jar;C:\Users\Bibhuprasad.Mohanty\.m2\repository\org\freemarker\freemarker\2.3.32\freemarker-2.3.32.jar;C:\Users\Bibhuprasad.Mohanty\.m2\repository\org\projectlombok\lombok\1.18.26\lombok-1.18.26.jar;C:\Users\Bibhuprasad.Mohanty\.m2\repository\com\google\code\gson\gson\2.10.1\gson-2.10.1.jar;C:\Users\Bibhuprasad.Mohanty\.m2\repository\com\mysql\mysql-connector-j\8.0.33\mysql-connector-j-8.0.33.jar;C:\Users\Bibhuprasad.Mohanty\.m2\repository\com\google\protobuf\protobuf-java\3.21.9\protobuf-java-3.21.9.jar;C:\Users\Bibhuprasad.Mohanty\.m2\repository\com\oracle\database\jdbc\ojdbc8\23.2.0.0\ojdbc8-23.2.0.0.jar;C:\Users\Bibhuprasad.Mohanty\.m2\repository\org\apache\poi\poi\5.0.0\poi-5.0.0.jar;C:\Users\Bibhuprasad.Mohanty\.m2\repository\org\slf4j\slf4j-api\1.7.30\slf4j-api-1.7.30.jar;C:\Users\Bibhuprasad.Mohanty\.m2\repository\org\slf4j\jcl-over-slf4j\1.7.30\jcl-over-slf4j-1.7.30.jar;C:\Users\Bibhuprasad.Mohanty\.m2\repository\commons-codec\commons-codec\1.15\commons-codec-1.15.jar;C:\Users\Bibhuprasad.Mohanty\.m2\repository\org\apache\commons\commons-math3\3.6.1\commons-math3-3.6.1.jar;C:\Users\Bibhuprasad.Mohanty\.m2\repository\com\zaxxer\SparseBitSet\1.2\SparseBitSet-1.2.jar;C:\Users\Bibhuprasad.Mohanty\.m2\repository\org\apache\poi\poi-ooxml\5.0.0\poi-ooxml-5.0.0.jar;C:\Users\Bibhuprasad.Mohanty\.m2\repository\org\apache\poi\poi-ooxml-lite\5.0.0\poi-ooxml-lite-5.0.0.jar;C:\Users\Bibhuprasad.Mohanty\.m2\repository\org\apache\xmlbeans\xmlbeans\4.0.0\xmlbeans-4.0.0.jar;C:\Users\Bibhuprasad.Mohanty\.m2\repository\org\apache\commons\commons-compress\1.20\commons-compress-1.20.jar;C:\Users\Bibhuprasad.Mohanty\.m2\repository\com\github\virtuald\curvesapi\1.06\curvesapi-1.06.jar;C:\Users\Bibhuprasad.Mohanty\.m2\repository\org\bouncycastle\bcpkix-jdk15on\1.68\bcpkix-jdk15on-1.68.jar;C:\Users\Bibhuprasad.Mohanty\.m2\repository\org\bouncycastle\bcprov-jdk15on\1.68\bcprov-jdk15on-1.68.jar;C:\Users\Bibhuprasad.Mohanty\.m2\repository\org\apache\santuario\xmlsec\2.2.1\xmlsec-2.2.1.jar;C:\Users\Bibhuprasad.Mohanty\.m2\repository\com\fasterxml\woodstox\woodstox-core\5.2.1\woodstox-core-5.2.1.jar;C:\Users\Bibhuprasad.Mohanty\.m2\repository\org\codehaus\woodstox\stax2-api\4.2\stax2-api-4.2.jar;C:\Users\Bibhuprasad.Mohanty\.m2\repository\jakarta\xml\bind\jakarta.xml.bind-api\2.3.2\jakarta.xml.bind-api-2.3.2.jar;C:\Users\Bibhuprasad.Mohanty\.m2\repository\jakarta\activation\jakarta.activation-api\1.2.1\jakarta.activation-api-1.2.1.jar;C:\Users\Bibhuprasad.Mohanty\.m2\repository\org\apache\xmlgraphics\batik-all\1.13\batik-all-1.13.jar;C:\Users\Bibhuprasad.Mohanty\.m2\repository\org\apache\xmlgraphics\batik-anim\1.13\batik-anim-1.13.jar;C:\Users\Bibhuprasad.Mohanty\.m2\repository\org\apache\xmlgraphics\batik-shared-resources\1.13\batik-shared-resources-1.13.jar;C:\Users\Bibhuprasad.Mohanty\.m2\repository\xml-apis\xml-apis-ext\1.3.04\xml-apis-ext-1.3.04.jar;C:\Users\Bibhuprasad.Mohanty\.m2\repository\org\apache\xmlgraphics\batik-awt-util\1.13\batik-awt-util-1.13.jar;C:\Users\Bibhuprasad.Mohanty\.m2\repository\org\apache\xmlgraphics\xmlgraphics-commons\2.4\xmlgraphics-commons-2.4.jar;C:\Users\Bibhuprasad.Mohanty\.m2\repository\commons-io\commons-io\1.3.1\commons-io-1.3.1.jar;C:\Users\Bibhuprasad.Mohanty\.m2\repository\org\apache\xmlgraphics\batik-bridge\1.13\batik-bridge-1.13.jar;C:\Users\Bibhuprasad.Mohanty\.m2\repository\org\apache\xmlgraphics\batik-codec\1.13\batik-codec-1.13.jar;C:\Users\Bibhuprasad.Mohanty\.m2\repository\org\apache\xmlgraphics\batik-constants\1.13\batik-constants-1.13.jar;C:\Users\Bibhuprasad.Mohanty\.m2\repository\org\apache\xmlgraphics\batik-css\1.13\batik-css-1.13.jar;C:\Users\Bibhuprasad.Mohanty\.m2\repository\org\apache\xmlgraphics\batik-dom\1.13\batik-dom-1.13.jar;C:\Users\Bibhuprasad.Mohanty\.m2\repository\xalan\xalan\2.7.2\xalan-2.7.2.jar;C:\Users\Bibhuprasad.Mohanty\.m2\repository\xalan\serializer\2.7.2\serializer-2.7.2.jar;C:\Users\Bibhuprasad.Mohanty\.m2\repository\xml-apis\xml-apis\1.4.01\xml-apis-1.4.01.jar;C:\Users\Bibhuprasad.Mohanty\.m2\repository\org\apache\xmlgraphics\batik-ext\1.13\batik-ext-1.13.jar;C:\Users\Bibhuprasad.Mohanty\.m2\repository\org\apache\xmlgraphics\batik-extension\1.13\batik-extension-1.13.jar;C:\Users\Bibhuprasad.Mohanty\.m2\repository\org\apache\xmlgraphics\batik-gui-util\1.13\batik-gui-util-1.13.jar;C:\Users\Bibhuprasad.Mohanty\.m2\repository\org\apache\xmlgraphics\batik-gvt\1.13\batik-gvt-1.13.jar;C:\Users\Bibhuprasad.Mohanty\.m2\repository\org\apache\xmlgraphics\batik-i18n\1.13\batik-i18n-1.13.jar;C:\Users\Bibhuprasad.Mohanty\.m2\repository\org\apache\xmlgraphics\batik-parser\1.13\batik-parser-1.13.jar;C:\Users\Bibhuprasad.Mohanty\.m2\repository\org\apache\xmlgraphics\batik-rasterizer-ext\1.13\batik-rasterizer-ext-1.13.jar;C:\Users\Bibhuprasad.Mohanty\.m2\repository\org\apache\xmlgraphics\batik-rasterizer\1.13\batik-rasterizer-1.13.jar;C:\Users\Bibhuprasad.Mohanty\.m2\repository\org\apache\xmlgraphics\batik-script\1.13\batik-script-1.13.jar;C:\Users\Bibhuprasad.Mohanty\.m2\repository\org\apache\xmlgraphics\batik-slideshow\1.13\batik-slideshow-1.13.jar;C:\Users\Bibhuprasad.Mohanty\.m2\repository\org\apache\xmlgraphics\batik-squiggle-ext\1.13\batik-squiggle-ext-1.13.jar;C:\Users\Bibhuprasad.Mohanty\.m2\repository\org\apache\xmlgraphics\batik-squiggle\1.13\batik-squiggle-1.13.jar;C:\Users\Bibhuprasad.Mohanty\.m2\repository\org\apache\xmlgraphics\batik-svg-dom\1.13\batik-svg-dom-1.13.jar;C:\Users\Bibhuprasad.Mohanty\.m2\repository\org\apache\xmlgraphics\batik-svgbrowser\1.13\batik-svgbrowser-1.13.jar;C:\Users\Bibhuprasad.Mohanty\.m2\repository\org\apache\xmlgraphics\batik-svggen\1.13\batik-svggen-1.13.jar;C:\Users\Bibhuprasad.Mohanty\.m2\repository\org\apache\xmlgraphics\batik-svgpp\1.13\batik-svgpp-1.13.jar;C:\Users\Bibhuprasad.Mohanty\.m2\repository\org\apache\xmlgraphics\batik-svgrasterizer\1.13\batik-svgrasterizer-1.13.jar;C:\Users\Bibhuprasad.Mohanty\.m2\repository\org\apache\xmlgraphics\batik-swing\1.13\batik-swing-1.13.jar;C:\Users\Bibhuprasad.Mohanty\.m2\repository\org\apache\xmlgraphics\batik-transcoder\1.13\batik-transcoder-1.13.jar;C:\Users\Bibhuprasad.Mohanty\.m2\repository\org\apache\xmlgraphics\batik-util\1.13\batik-util-1.13.jar;C:\Users\Bibhuprasad.Mohanty\.m2\repository\org\apache\xmlgraphics\batik-ttf2svg\1.13\batik-ttf2svg-1.13.jar;C:\Users\Bibhuprasad.Mohanty\.m2\repository\org\apache\xmlgraphics\batik-xml\1.13\batik-xml-1.13.jar;C:\Users\Bibhuprasad.Mohanty\.m2\repository\de\rototor\pdfbox\graphics2d\0.30\graphics2d-0.30.jar;C:\Users\Bibhuprasad.Mohanty\.m2\repository\org\apache\pdfbox\pdfbox\2.0.22\pdfbox-2.0.22.jar;C:\Users\Bibhuprasad.Mohanty\.m2\repository\org\apache\pdfbox\fontbox\2.0.22\fontbox-2.0.22.jar;C:\Users\Bibhuprasad.Mohanty\.m2\repository\org\testng\testng\7.8.0\testng-7.8.0.jar;C:\Users\Bibhuprasad.Mohanty\.m2\repository\com\beust\jcommander\1.82\jcommander-1.82.jar;C:\Users\Bibhuprasad.Mohanty\.m2\repository\org\webjars\jquery\3.6.1\jquery-3.6.1.jar;C:\Users\Bibhuprasad.Mohanty\.m2\repository\org\assertj\assertj-core\3.24.2\assertj-core-3.24.2.jar;C:\Users\Bibhuprasad.Mohanty\.m2\repository\net\bytebuddy\byte-buddy\1.12.21\byte-buddy-1.12.21.jar;C:\Users\Bibhuprasad.Mohanty\.m2\repository\org\yaml\snakeyaml\2.2\snakeyaml-2.2.jar;"/>
    <property name="java.vm.vendor" value="Oracle Corporation"/>
    <property name="sun.arch.data.model" value="64"/>
    <property name="user.variant" value=""/>
    <property name="java.vendor.url" value="https://openjdk.java.net/"/>
    <property name="user.timezone" value="Asia/Calcutta"/>
    <property name="java.vm.specification.version" value="11"/>
    <property name="os.name" value="Windows 10"/>
    <property name="sun.java.launcher" value="SUN_STANDARD"/>
    <property name="user.country" value="US"/>
    <property name="sun.boot.library.path" value="C:\Program Files\Java\jdk-11.0.14\bin"/>
    <property name="sun.java.command" value="C:\Users\Bibhuprasad.Mohanty\AppData\Local\Temp\surefire15858794372756192281\surefirebooter-20231229140140274_3.jar C:\Users\Bibhuprasad.Mohanty\AppData\Local\Temp\surefire15858794372756192281 2023-12-29T14-01-39_811-jvmRun1 surefire-20231229140140274_1tmp surefire_0-20231229140140274_2tmp"/>
    <property name="jdk.debug" value="release"/>
    <property name="surefire.test.class.path" value="C:\Bibhu\etl-test-automation\target\test-classes;C:\Bibhu\etl-test-automation\target\classes;C:\Users\Bibhuprasad.Mohanty\.m2\repository\log4j\log4j\1.2.17\log4j-1.2.17.jar;C:\Users\Bibhuprasad.Mohanty\.m2\repository\com\opencsv\opencsv\5.9\opencsv-5.9.jar;C:\Users\Bibhuprasad.Mohanty\.m2\repository\org\apache\commons\commons-lang3\3.13.0\commons-lang3-3.13.0.jar;C:\Users\Bibhuprasad.Mohanty\.m2\repository\org\apache\commons\commons-text\1.11.0\commons-text-1.11.0.jar;C:\Users\Bibhuprasad.Mohanty\.m2\repository\commons-beanutils\commons-beanutils\1.9.4\commons-beanutils-1.9.4.jar;C:\Users\Bibhuprasad.Mohanty\.m2\repository\commons-logging\commons-logging\1.2\commons-logging-1.2.jar;C:\Users\Bibhuprasad.Mohanty\.m2\repository\commons-collections\commons-collections\3.2.2\commons-collections-3.2.2.jar;C:\Users\Bibhuprasad.Mohanty\.m2\repository\org\apache\commons\commons-collections4\4.4\commons-collections4-4.4.jar;C:\Users\Bibhuprasad.Mohanty\.m2\repository\com\aventstack\extentreports\5.1.1\extentreports-5.1.1.jar;C:\Users\Bibhuprasad.Mohanty\.m2\repository\io\reactivex\rxjava3\rxjava\3.1.6\rxjava-3.1.6.jar;C:\Users\Bibhuprasad.Mohanty\.m2\repository\org\reactivestreams\reactive-streams\1.0.4\reactive-streams-1.0.4.jar;C:\Users\Bibhuprasad.Mohanty\.m2\repository\org\freemarker\freemarker\2.3.32\freemarker-2.3.32.jar;C:\Users\Bibhuprasad.Mohanty\.m2\repository\org\projectlombok\lombok\1.18.26\lombok-1.18.26.jar;C:\Users\Bibhuprasad.Mohanty\.m2\repository\com\google\code\gson\gson\2.10.1\gson-2.10.1.jar;C:\Users\Bibhuprasad.Mohanty\.m2\repository\com\mysql\mysql-connector-j\8.0.33\mysql-connector-j-8.0.33.jar;C:\Users\Bibhuprasad.Mohanty\.m2\repository\com\google\protobuf\protobuf-java\3.21.9\protobuf-java-3.21.9.jar;C:\Users\Bibhuprasad.Mohanty\.m2\repository\com\oracle\database\jdbc\ojdbc8\23.2.0.0\ojdbc8-23.2.0.0.jar;C:\Users\Bibhuprasad.Mohanty\.m2\repository\org\apache\poi\poi\5.0.0\poi-5.0.0.jar;C:\Users\Bibhuprasad.Mohanty\.m2\repository\org\slf4j\slf4j-api\1.7.30\slf4j-api-1.7.30.jar;C:\Users\Bibhuprasad.Mohanty\.m2\repository\org\slf4j\jcl-over-slf4j\1.7.30\jcl-over-slf4j-1.7.30.jar;C:\Users\Bibhuprasad.Mohanty\.m2\repository\commons-codec\commons-codec\1.15\commons-codec-1.15.jar;C:\Users\Bibhuprasad.Mohanty\.m2\repository\org\apache\commons\commons-math3\3.6.1\commons-math3-3.6.1.jar;C:\Users\Bibhuprasad.Mohanty\.m2\repository\com\zaxxer\SparseBitSet\1.2\SparseBitSet-1.2.jar;C:\Users\Bibhuprasad.Mohanty\.m2\repository\org\apache\poi\poi-ooxml\5.0.0\poi-ooxml-5.0.0.jar;C:\Users\Bibhuprasad.Mohanty\.m2\repository\org\apache\poi\poi-ooxml-lite\5.0.0\poi-ooxml-lite-5.0.0.jar;C:\Users\Bibhuprasad.Mohanty\.m2\repository\org\apache\xmlbeans\xmlbeans\4.0.0\xmlbeans-4.0.0.jar;C:\Users\Bibhuprasad.Mohanty\.m2\repository\org\apache\commons\commons-compress\1.20\commons-compress-1.20.jar;C:\Users\Bibhuprasad.Mohanty\.m2\repository\com\github\virtuald\curvesapi\1.06\curvesapi-1.06.jar;C:\Users\Bibhuprasad.Mohanty\.m2\repository\org\bouncycastle\bcpkix-jdk15on\1.68\bcpkix-jdk15on-1.68.jar;C:\Users\Bibhuprasad.Mohanty\.m2\repository\org\bouncycastle\bcprov-jdk15on\1.68\bcprov-jdk15on-1.68.jar;C:\Users\Bibhuprasad.Mohanty\.m2\repository\org\apache\santuario\xmlsec\2.2.1\xmlsec-2.2.1.jar;C:\Users\Bibhuprasad.Mohanty\.m2\repository\com\fasterxml\woodstox\woodstox-core\5.2.1\woodstox-core-5.2.1.jar;C:\Users\Bibhuprasad.Mohanty\.m2\repository\org\codehaus\woodstox\stax2-api\4.2\stax2-api-4.2.jar;C:\Users\Bibhuprasad.Mohanty\.m2\repository\jakarta\xml\bind\jakarta.xml.bind-api\2.3.2\jakarta.xml.bind-api-2.3.2.jar;C:\Users\Bibhuprasad.Mohanty\.m2\repository\jakarta\activation\jakarta.activation-api\1.2.1\jakarta.activation-api-1.2.1.jar;C:\Users\Bibhuprasad.Mohanty\.m2\repository\org\apache\xmlgraphics\batik-all\1.13\batik-all-1.13.jar;C:\Users\Bibhuprasad.Mohanty\.m2\repository\org\apache\xmlgraphics\batik-anim\1.13\batik-anim-1.13.jar;C:\Users\Bibhuprasad.Mohanty\.m2\repository\org\apache\xmlgraphics\batik-shared-resources\1.13\batik-shared-resources-1.13.jar;C:\Users\Bibhuprasad.Mohanty\.m2\repository\xml-apis\xml-apis-ext\1.3.04\xml-apis-ext-1.3.04.jar;C:\Users\Bibhuprasad.Mohanty\.m2\repository\org\apache\xmlgraphics\batik-awt-util\1.13\batik-awt-util-1.13.jar;C:\Users\Bibhuprasad.Mohanty\.m2\repository\org\apache\xmlgraphics\xmlgraphics-commons\2.4\xmlgraphics-commons-2.4.jar;C:\Users\Bibhuprasad.Mohanty\.m2\repository\commons-io\commons-io\1.3.1\commons-io-1.3.1.jar;C:\Users\Bibhuprasad.Mohanty\.m2\repository\org\apache\xmlgraphics\batik-bridge\1.13\batik-bridge-1.13.jar;C:\Users\Bibhuprasad.Mohanty\.m2\repository\org\apache\xmlgraphics\batik-codec\1.13\batik-codec-1.13.jar;C:\Users\Bibhuprasad.Mohanty\.m2\repository\org\apache\xmlgraphics\batik-constants\1.13\batik-constants-1.13.jar;C:\Users\Bibhuprasad.Mohanty\.m2\repository\org\apache\xmlgraphics\batik-css\1.13\batik-css-1.13.jar;C:\Users\Bibhuprasad.Mohanty\.m2\repository\org\apache\xmlgraphics\batik-dom\1.13\batik-dom-1.13.jar;C:\Users\Bibhuprasad.Mohanty\.m2\repository\xalan\xalan\2.7.2\xalan-2.7.2.jar;C:\Users\Bibhuprasad.Mohanty\.m2\repository\xalan\serializer\2.7.2\serializer-2.7.2.jar;C:\Users\Bibhuprasad.Mohanty\.m2\repository\xml-apis\xml-apis\1.4.01\xml-apis-1.4.01.jar;C:\Users\Bibhuprasad.Mohanty\.m2\repository\org\apache\xmlgraphics\batik-ext\1.13\batik-ext-1.13.jar;C:\Users\Bibhuprasad.Mohanty\.m2\repository\org\apache\xmlgraphics\batik-extension\1.13\batik-extension-1.13.jar;C:\Users\Bibhuprasad.Mohanty\.m2\repository\org\apache\xmlgraphics\batik-gui-util\1.13\batik-gui-util-1.13.jar;C:\Users\Bibhuprasad.Mohanty\.m2\repository\org\apache\xmlgraphics\batik-gvt\1.13\batik-gvt-1.13.jar;C:\Users\Bibhuprasad.Mohanty\.m2\repository\org\apache\xmlgraphics\batik-i18n\1.13\batik-i18n-1.13.jar;C:\Users\Bibhuprasad.Mohanty\.m2\repository\org\apache\xmlgraphics\batik-parser\1.13\batik-parser-1.13.jar;C:\Users\Bibhuprasad.Mohanty\.m2\repository\org\apache\xmlgraphics\batik-rasterizer-ext\1.13\batik-rasterizer-ext-1.13.jar;C:\Users\Bibhuprasad.Mohanty\.m2\repository\org\apache\xmlgraphics\batik-rasterizer\1.13\batik-rasterizer-1.13.jar;C:\Users\Bibhuprasad.Mohanty\.m2\repository\org\apache\xmlgraphics\batik-script\1.13\batik-script-1.13.jar;C:\Users\Bibhuprasad.Mohanty\.m2\repository\org\apache\xmlgraphics\batik-slideshow\1.13\batik-slideshow-1.13.jar;C:\Users\Bibhuprasad.Mohanty\.m2\repository\org\apache\xmlgraphics\batik-squiggle-ext\1.13\batik-squiggle-ext-1.13.jar;C:\Users\Bibhuprasad.Mohanty\.m2\repository\org\apache\xmlgraphics\batik-squiggle\1.13\batik-squiggle-1.13.jar;C:\Users\Bibhuprasad.Mohanty\.m2\repository\org\apache\xmlgraphics\batik-svg-dom\1.13\batik-svg-dom-1.13.jar;C:\Users\Bibhuprasad.Mohanty\.m2\repository\org\apache\xmlgraphics\batik-svgbrowser\1.13\batik-svgbrowser-1.13.jar;C:\Users\Bibhuprasad.Mohanty\.m2\repository\org\apache\xmlgraphics\batik-svggen\1.13\batik-svggen-1.13.jar;C:\Users\Bibhuprasad.Mohanty\.m2\repository\org\apache\xmlgraphics\batik-svgpp\1.13\batik-svgpp-1.13.jar;C:\Users\Bibhuprasad.Mohanty\.m2\repository\org\apache\xmlgraphics\batik-svgrasterizer\1.13\batik-svgrasterizer-1.13.jar;C:\Users\Bibhuprasad.Mohanty\.m2\repository\org\apache\xmlgraphics\batik-swing\1.13\batik-swing-1.13.jar;C:\Users\Bibhuprasad.Mohanty\.m2\repository\org\apache\xmlgraphics\batik-transcoder\1.13\batik-transcoder-1.13.jar;C:\Users\Bibhuprasad.Mohanty\.m2\repository\org\apache\xmlgraphics\batik-util\1.13\batik-util-1.13.jar;C:\Users\Bibhuprasad.Mohanty\.m2\repository\org\apache\xmlgraphics\batik-ttf2svg\1.13\batik-ttf2svg-1.13.jar;C:\Users\Bibhuprasad.Mohanty\.m2\repository\org\apache\xmlgraphics\batik-xml\1.13\batik-xml-1.13.jar;C:\Users\Bibhuprasad.Mohanty\.m2\repository\de\rototor\pdfbox\graphics2d\0.30\graphics2d-0.30.jar;C:\Users\Bibhuprasad.Mohanty\.m2\repository\org\apache\pdfbox\pdfbox\2.0.22\pdfbox-2.0.22.jar;C:\Users\Bibhuprasad.Mohanty\.m2\repository\org\apache\pdfbox\fontbox\2.0.22\fontbox-2.0.22.jar;C:\Users\Bibhuprasad.Mohanty\.m2\repository\org\testng\testng\7.8.0\testng-7.8.0.jar;C:\Users\Bibhuprasad.Mohanty\.m2\repository\com\beust\jcommander\1.82\jcommander-1.82.jar;C:\Users\Bibhuprasad.Mohanty\.m2\repository\org\webjars\jquery\3.6.1\jquery-3.6.1.jar;C:\Users\Bibhuprasad.Mohanty\.m2\repository\org\assertj\assertj-core\3.24.2\assertj-core-3.24.2.jar;C:\Users\Bibhuprasad.Mohanty\.m2\repository\net\bytebuddy\byte-buddy\1.12.21\byte-buddy-1.12.21.jar;C:\Users\Bibhuprasad.Mohanty\.m2\repository\org\yaml\snakeyaml\2.2\snakeyaml-2.2.jar;"/>
    <property name="sun.cpu.endian" value="little"/>
    <property name="user.home" value="C:\Users\Bibhuprasad.Mohanty"/>
    <property name="user.language" value="en"/>
    <property name="java.specification.vendor" value="Oracle Corporation"/>
    <property name="java.version.date" value="2022-01-18"/>
    <property name="java.home" value="C:\Program Files\Java\jdk-11.0.14"/>
    <property name="file.separator" value="\"/>
    <property name="basedir" value="C:\Bibhu\etl-test-automation"/>
    <property name="java.vm.compressedOopsMode" value="Zero based"/>
    <property name="line.separator" value="&#10;"/>
    <property name="java.specification.name" value="Java Platform API Specification"/>
    <property name="java.vm.specification.vendor" value="Oracle Corporation"/>
    <property name="java.awt.graphicsenv" value="sun.awt.Win32GraphicsEnvironment"/>
    <property name="surefire.real.class.path" value="C:\Users\Bibhuprasad.Mohanty\AppData\Local\Temp\surefire15858794372756192281\surefirebooter-20231229140140274_3.jar"/>
    <property name="user.script" value=""/>
    <property name="sun.management.compiler" value="HotSpot 64-Bit Tiered Compilers"/>
    <property name="java.runtime.version" value="11.0.14+8-LTS-263"/>
    <property name="user.name" value="Bibhuprasad.Mohanty"/>
    <property name="path.separator" value=";"/>
    <property name="os.version" value="10.0"/>
    <property name="java.runtime.name" value="Java(TM) SE Runtime Environment"/>
    <property name="file.encoding" value="Cp1252"/>
    <property name="java.vm.name" value="Java HotSpot(TM) 64-Bit Server VM"/>
    <property name="java.vendor.version" value="18.9"/>
    <property name="localRepository" value="C:\Users\Bibhuprasad.Mohanty\.m2\repository"/>
    <property name="java.vendor.url.bug" value="https://bugreport.java.com/bugreport/"/>
    <property name="java.io.tmpdir" value="C:\Users\BIBHUP~1.MOH\AppData\Local\Temp\"/>
    <property name="java.version" value="11.0.14"/>
    <property name="user.dir" value="C:\Bibhu\etl-test-automation"/>
    <property name="os.arch" value="amd64"/>
    <property name="java.vm.specification.name" value="Java Virtual Machine Specification"/>
    <property name="java.awt.printerjob" value="sun.awt.windows.WPrinterJob"/>
    <property name="sun.os.patch.level" value=""/>
    <property name="java.library.path" value="C:\Program Files\Java\jdk-11.0.14\bin;C:\windows\Sun\Java\bin;C:\windows\system32;C:\windows;C:/Softwares/eclipse-java-2022-03-R-win32-x86_64/eclipse//plugins/org.eclipse.justj.openjdk.hotspot.jre.full.win32.x86_64_17.0.2.v20220201-1208/jre/bin/server;C:/Softwares/eclipse-java-2022-03-R-win32-x86_64/eclipse//plugins/org.eclipse.justj.openjdk.hotspot.jre.full.win32.x86_64_17.0.2.v20220201-1208/jre/bin;C:\Oracle_193_db_home\bin;C:\Program Files\Common Files\Oracle\Java\javapath;C:\windows\system32;C:\windows;C:\windows\System32\Wbem;C:\windows\System32\WindowsPowerShell\v1.0\;C:\Program Files (x86)\Microsoft SQL Server\150\DTS\Binn\;C:\Program Files\Azure Data Studio\bin;C:\Program Files (x86)\dotnet\;C:\Program Files\Java\jdk-11.0.14\bin;C:\Program Files\dotnet\;C:\Program Files\Cloudflare\Cloudflare WARP\;C:\Program Files\Git\cmd;C:\Program Files\MySQL\MySQL Shell 8.0\bin\;C:\Users\Bibhuprasad.Mohanty\AppData\Local\Microsoft\WindowsApps;C:\apache-maven-3.9.5\bin;;C:\Softwares\eclipse-java-2022-03-R-win32-x86_64\eclipse;;."/>
    <property name="java.vendor" value="Oracle Corporation"/>
    <property name="java.vm.info" value="mixed mode"/>
    <property name="java.vm.version" value="11.0.14+8-LTS-263"/>
    <property name="sun.io.unicode.encoding" value="UnicodeLittle"/>
    <property name="java.class.version" value="55.0"/>
  </properties>
  <testcase name="dataCompleteness[ITEMS_10L_Record_Validation](1)" classname="testCases.DataCompletenessValidation" time="5.537">
    <system-out><![CDATA[ INFO [main] (Log4jConfigurator.java:16) - Log4j configuration loaded successfully.
 INFO [main] (TestBase.java:45) - Log4j configured successfully.
 INFO [main] (TestBase.java:51) - Properties file loaded successfully.
 INFO [main] (TestBase.java:57) - Thread Pool created
 INFO [main] (TestBase.java:82) - Target Database selected : mysql
 INFO [main] (TestBase.java:85) - Auto Generated Metadata option selected as : yes
 INFO [main] (MetadataExcelGenerator.java:21) - Starting metadata Excel generation...
 INFO [main] (MetadataExcelGenerator.java:28) - Existing Metadata Excel deleted: ./TableMetadata/metadata_excel.xlsx
 INFO [main] (MetadataExcelGenerator.java:98) - Metadata Excel auto-generated successfully at: ./TableMetadata/metadata_excel.xlsx
 INFO [main] (TestBase.java:89) - Metadata Excel Generation Completed....
 INFO [main] (DatabaseConn.java:29) - Database is Connected
 INFO [main] (TestBase.java:101) - Target database connection established successfully.
 INFO [main] (TestBase.java:107) - ********************************    Target Set up completed     *********************************
 INFO [main] (TestBase.java:109) - Source Database selected : oracle
 INFO [main] (DatabaseConn.java:29) - Database is Connected
 INFO [main] (TestBase.java:115) - Source database connection established successfully.
 INFO [main] (TestBase.java:131) - ********************************    Source Set up completed    *********************************
 INFO [main] (DataCompletenessValidation.java:38) - #########################################################################    Test Case 1 : Data Completeness Validation for ITEMS_10L_Record_Validation : STARTED
 INFO [pool-2-thread-1] (DataCompletenessValidation.java:63) - Reading source SQL query from file
 INFO [pool-2-thread-1] (sqlFunction.java:30) - Query read from file: ./SQLFiles/ITEMS_10L_Record_Validation/source/source.sql
 INFO [pool-2-thread-1] (sqlFunction.java:71) - Query executed successfully: select ItemId, ItemName  from items  order by itemid

 INFO [pool-2-thread-1] (DataCompletenessValidation.java:77) - Reading target SQL query from file
 INFO [pool-2-thread-1] (sqlFunction.java:30) - Query read from file: ./SQLFiles/ITEMS_10L_Record_Validation/target/target.sql
 INFO [pool-2-thread-1] (sqlFunction.java:71) - Query executed successfully: SELECT ItemId, ItemName FROM items order by itemid

 INFO [pool-2-thread-1] (DataCompletenessValidation.java:85) - Finding differing rows
 INFO [pool-2-thread-1] (DataCompletenessValidation.java:93) - Asserting that the lists are equal
 INFO [pool-2-thread-1] (DataCompletenessValidation.java:94) - #########################################################################    Test Case 1 : Data Completeness Validation for ITEMS_10L_Record_Validation : PASSED
]]></system-out>
    <system-err><![CDATA[SLF4J: Failed to load class "org.slf4j.impl.StaticLoggerBinder".
SLF4J: Defaulting to no-operation (NOP) logger implementation
SLF4J: See http://www.slf4j.org/codes.html#StaticLoggerBinder for further details.
log4j:WARN No appenders could be found for logger (base.TestBase).
log4j:WARN Please initialize the log4j system properly.
log4j:WARN See http://logging.apache.org/log4j/1.2/faq.html#noconfig for more info.
]]></system-err>
  </testcase>
  <testcase name="dataCompleteness[ITEMS_CountValidation](2)" classname="testCases.DataCompletenessValidation" time="0.083">
    <system-out><![CDATA[ INFO [main] (DataCompletenessValidation.java:38) - #########################################################################    Test Case 2 : Data Completeness Validation for ITEMS_CountValidation : STARTED
 INFO [pool-2-thread-2] (DataCompletenessValidation.java:63) - Reading source SQL query from file
 INFO [pool-2-thread-2] (sqlFunction.java:30) - Query read from file: ./SQLFiles/ITEMS_CountValidation/source/source.sql
 INFO [pool-2-thread-2] (sqlFunction.java:71) - Query executed successfully: SELECT count(*) FROM items

 INFO [pool-2-thread-2] (DataCompletenessValidation.java:77) - Reading target SQL query from file
 INFO [pool-2-thread-2] (sqlFunction.java:30) - Query read from file: ./SQLFiles/ITEMS_CountValidation/target/target.sql
 INFO [pool-2-thread-2] (sqlFunction.java:71) - Query executed successfully: SELECT count(*) FROM items

 INFO [pool-2-thread-2] (DataCompletenessValidation.java:85) - Finding differing rows
 INFO [pool-2-thread-2] (DataCompletenessValidation.java:93) - Asserting that the lists are equal
 INFO [pool-2-thread-2] (DataCompletenessValidation.java:94) - #########################################################################    Test Case 2 : Data Completeness Validation for ITEMS_CountValidation : PASSED
]]></system-out>
  </testcase>
  <testcase name="dataCompleteness[STUDENT_5L_Record_Validation](3)" classname="testCases.DataCompletenessValidation" time="4.056">
    <system-out><![CDATA[ INFO [main] (DataCompletenessValidation.java:38) - #########################################################################    Test Case 3 : Data Completeness Validation for STUDENT_5L_Record_Validation : STARTED
 INFO [pool-2-thread-3] (DataCompletenessValidation.java:63) - Reading source SQL query from file
 INFO [pool-2-thread-3] (sqlFunction.java:30) - Query read from file: ./SQLFiles/STUDENT_5L_Record_Validation/source/source.sql
 INFO [pool-2-thread-3] (sqlFunction.java:71) - Query executed successfully: select * from student order by student_id

 INFO [pool-2-thread-3] (DataCompletenessValidation.java:77) - Reading target SQL query from file
 INFO [pool-2-thread-3] (sqlFunction.java:30) - Query read from file: ./SQLFiles/STUDENT_5L_Record_Validation/target/target.sql
 INFO [pool-2-thread-3] (sqlFunction.java:71) - Query executed successfully: select * from student order by student_id

 INFO [pool-2-thread-3] (DataCompletenessValidation.java:85) - Finding differing rows
 INFO [pool-2-thread-3] (DataCompletenessValidation.java:93) - Asserting that the lists are equal
 INFO [pool-2-thread-3] (DataCompletenessValidation.java:94) - #########################################################################    Test Case 3 : Data Completeness Validation for STUDENT_5L_Record_Validation : PASSED
]]></system-out>
  </testcase>
  <testcase name="dataCompleteness[STUDENT_CountValidation](4)" classname="testCases.DataCompletenessValidation" time="0.09">
    <system-out><![CDATA[ INFO [main] (DataCompletenessValidation.java:38) - #########################################################################    Test Case 4 : Data Completeness Validation for STUDENT_CountValidation : STARTED
 INFO [pool-2-thread-4] (DataCompletenessValidation.java:63) - Reading source SQL query from file
 INFO [pool-2-thread-4] (sqlFunction.java:30) - Query read from file: ./SQLFiles/STUDENT_CountValidation/source/source.sql
 INFO [pool-2-thread-4] (sqlFunction.java:71) - Query executed successfully: SELECT count(*) from student

 INFO [pool-2-thread-4] (DataCompletenessValidation.java:77) - Reading target SQL query from file
 INFO [pool-2-thread-4] (sqlFunction.java:30) - Query read from file: ./SQLFiles/STUDENT_CountValidation/target/target.sql
 INFO [pool-2-thread-4] (sqlFunction.java:71) - Query executed successfully: select count(*) from student

 INFO [pool-2-thread-4] (DataCompletenessValidation.java:85) - Finding differing rows
 INFO [pool-2-thread-4] (DataCompletenessValidation.java:93) - Asserting that the lists are equal
 INFO [pool-2-thread-4] (DataCompletenessValidation.java:94) - #########################################################################    Test Case 4 : Data Completeness Validation for STUDENT_CountValidation : PASSED
]]></system-out>
  </testcase>
  <testcase name="dataCompleteness[STUDENT_SMALL_db_to_file_validation](5)" classname="testCases.DataCompletenessValidation" time="0.04">
    <system-out><![CDATA[ INFO [main] (DataCompletenessValidation.java:38) - #########################################################################    Test Case 5 : Data Completeness Validation for STUDENT_SMALL_db_to_file_validation : STARTED
 INFO [pool-2-thread-5] (DataCompletenessValidation.java:63) - Reading source SQL query from file
 INFO [pool-2-thread-5] (sqlFunction.java:30) - Query read from file: ./SQLFiles/STUDENT_SMALL_db_to_file_validation/source/source.sql
 INFO [pool-2-thread-5] (sqlFunction.java:71) - Query executed successfully: select * from student_small order by student_id

 INFO [pool-2-thread-5] (DataCompletenessValidation.java:72) - Reading data from target CSV file
 INFO [pool-2-thread-5] (CSVFileReader.java:25) - Reading CSV file: .\SQLFiles\STUDENT_SMALL_db_to_file_validation\target\student_small.csv
 INFO [pool-2-thread-5] (CSVFileReader.java:38) - CSV file read successfully. Number of rows: 10
 INFO [pool-2-thread-5] (DataCompletenessValidation.java:85) - Finding differing rows
 INFO [pool-2-thread-5] (DataCompletenessValidation.java:93) - Asserting that the lists are equal
 INFO [pool-2-thread-5] (DataCompletenessValidation.java:94) - #########################################################################    Test Case 5 : Data Completeness Validation for STUDENT_SMALL_db_to_file_validation : PASSED
]]></system-out>
  </testcase>
  <testcase name="dataCompleteness[STUDENT_SMALL_file_to_db_validation](6)" classname="testCases.DataCompletenessValidation" time="0.013">
    <system-out><![CDATA[ INFO [main] (DataCompletenessValidation.java:38) - #########################################################################    Test Case 6 : Data Completeness Validation for STUDENT_SMALL_file_to_db_validation : STARTED
 INFO [pool-2-thread-1] (DataCompletenessValidation.java:58) - Reading data from source CSV file
 INFO [pool-2-thread-1] (CSVFileReader.java:25) - Reading CSV file: .\SQLFiles\STUDENT_SMALL_file_to_db_validation\source\student_small.csv
 INFO [pool-2-thread-1] (CSVFileReader.java:38) - CSV file read successfully. Number of rows: 10
 INFO [pool-2-thread-1] (DataCompletenessValidation.java:77) - Reading target SQL query from file
 INFO [pool-2-thread-1] (sqlFunction.java:30) - Query read from file: ./SQLFiles/STUDENT_SMALL_file_to_db_validation/target/target.sql
 INFO [pool-2-thread-1] (sqlFunction.java:71) - Query executed successfully: select * from student_small order by student_id

 INFO [pool-2-thread-1] (DataCompletenessValidation.java:85) - Finding differing rows
 INFO [pool-2-thread-1] (DataCompletenessValidation.java:93) - Asserting that the lists are equal
 INFO [pool-2-thread-1] (DataCompletenessValidation.java:94) - #########################################################################    Test Case 6 : Data Completeness Validation for STUDENT_SMALL_file_to_db_validation : PASSED
]]></system-out>
  </testcase>
  <testcase name="dataCompleteness[STUDENT_SMALL_file_to_file_validation](7)" classname="testCases.DataCompletenessValidation" time="0.006">
    <system-out><![CDATA[ INFO [main] (DataCompletenessValidation.java:38) - #########################################################################    Test Case 7 : Data Completeness Validation for STUDENT_SMALL_file_to_file_validation : STARTED
 INFO [pool-2-thread-2] (DataCompletenessValidation.java:58) - Reading data from source CSV file
 INFO [pool-2-thread-2] (CSVFileReader.java:25) - Reading CSV file: .\SQLFiles\STUDENT_SMALL_file_to_file_validation\source\student_small.csv
 INFO [pool-2-thread-2] (CSVFileReader.java:38) - CSV file read successfully. Number of rows: 10
 INFO [pool-2-thread-2] (DataCompletenessValidation.java:72) - Reading data from target CSV file
 INFO [pool-2-thread-2] (CSVFileReader.java:25) - Reading CSV file: .\SQLFiles\STUDENT_SMALL_file_to_file_validation\target\student_small.csv
 INFO [pool-2-thread-2] (CSVFileReader.java:38) - CSV file read successfully. Number of rows: 10
 INFO [pool-2-thread-2] (DataCompletenessValidation.java:85) - Finding differing rows
 INFO [pool-2-thread-2] (DataCompletenessValidation.java:93) - Asserting that the lists are equal
 INFO [pool-2-thread-2] (DataCompletenessValidation.java:94) - #########################################################################    Test Case 7 : Data Completeness Validation for STUDENT_SMALL_file_to_file_validation : PASSED
]]></system-out>
  </testcase>
  <testcase name="dataCompleteness[T_DEPT_CountValidation](8)" classname="testCases.DataCompletenessValidation" time="0.015">
    <system-out><![CDATA[ INFO [main] (DataCompletenessValidation.java:38) - #########################################################################    Test Case 8 : Data Completeness Validation for T_DEPT_CountValidation : STARTED
 INFO [pool-2-thread-3] (DataCompletenessValidation.java:63) - Reading source SQL query from file
 INFO [pool-2-thread-3] (sqlFunction.java:30) - Query read from file: ./SQLFiles/T_DEPT_CountValidation/source/source.sql
 INFO [pool-2-thread-3] (sqlFunction.java:71) - Query executed successfully: SELECT count(*) from dept

 INFO [pool-2-thread-3] (DataCompletenessValidation.java:77) - Reading target SQL query from file
 INFO [pool-2-thread-3] (sqlFunction.java:30) - Query read from file: ./SQLFiles/T_DEPT_CountValidation/target/target.sql
 INFO [pool-2-thread-3] (sqlFunction.java:71) - Query executed successfully: select count(*) from t_dept

 INFO [pool-2-thread-3] (DataCompletenessValidation.java:85) - Finding differing rows
 INFO [pool-2-thread-3] (DataCompletenessValidation.java:93) - Asserting that the lists are equal
 INFO [pool-2-thread-3] (DataCompletenessValidation.java:94) - #########################################################################    Test Case 8 : Data Completeness Validation for T_DEPT_CountValidation : PASSED
]]></system-out>
  </testcase>
  <testcase name="dataCompleteness[T_DEPT_DataCompletenessValidation](9)" classname="testCases.DataCompletenessValidation" time="0.011">
    <system-out><![CDATA[ INFO [main] (DataCompletenessValidation.java:38) - #########################################################################    Test Case 9 : Data Completeness Validation for T_DEPT_DataCompletenessValidation : STARTED
 INFO [pool-2-thread-4] (DataCompletenessValidation.java:63) - Reading source SQL query from file
 INFO [pool-2-thread-4] (sqlFunction.java:30) - Query read from file: ./SQLFiles/T_DEPT_DataCompletenessValidation/source/source.sql
 INFO [pool-2-thread-4] (sqlFunction.java:71) - Query executed successfully: SELECT * from dept order by deptno

 INFO [pool-2-thread-4] (DataCompletenessValidation.java:77) - Reading target SQL query from file
 INFO [pool-2-thread-4] (sqlFunction.java:30) - Query read from file: ./SQLFiles/T_DEPT_DataCompletenessValidation/target/target.sql
 INFO [pool-2-thread-4] (sqlFunction.java:71) - Query executed successfully: SELECT deptno,dname,loc from t_dept order by t_dept_id

 INFO [pool-2-thread-4] (DataCompletenessValidation.java:85) - Finding differing rows
 INFO [pool-2-thread-4] (DataCompletenessValidation.java:93) - Asserting that the lists are equal
 INFO [pool-2-thread-4] (DataCompletenessValidation.java:94) - #########################################################################    Test Case 9 : Data Completeness Validation for T_DEPT_DataCompletenessValidation : PASSED
]]></system-out>
  </testcase>
  <testcase name="dataCompleteness[T_EMP_CountValidation](10)" classname="testCases.DataCompletenessValidation" time="0.014">
    <system-out><![CDATA[ INFO [main] (DataCompletenessValidation.java:38) - #########################################################################    Test Case 10 : Data Completeness Validation for T_EMP_CountValidation : STARTED
 INFO [pool-2-thread-5] (DataCompletenessValidation.java:63) - Reading source SQL query from file
 INFO [pool-2-thread-5] (sqlFunction.java:30) - Query read from file: ./SQLFiles/T_EMP_CountValidation/source/source.sql
 INFO [pool-2-thread-5] (sqlFunction.java:71) - Query executed successfully: SELECT count(*) FROM s_emp e1 
INNER JOIN s_dept d1 ON e1.deptno = d1.deptno
INNER JOIN s_emp e2 on e2.empno=e1.mgr

 INFO [pool-2-thread-5] (DataCompletenessValidation.java:77) - Reading target SQL query from file
 INFO [pool-2-thread-5] (sqlFunction.java:30) - Query read from file: ./SQLFiles/T_EMP_CountValidation/target/target.sql
 INFO [pool-2-thread-5] (sqlFunction.java:71) - Query executed successfully: select count(*) from t_emp

 INFO [pool-2-thread-5] (DataCompletenessValidation.java:85) - Finding differing rows
 INFO [pool-2-thread-5] (DataCompletenessValidation.java:93) - Asserting that the lists are equal
 INFO [pool-2-thread-5] (DataCompletenessValidation.java:94) - #########################################################################    Test Case 10 : Data Completeness Validation for T_EMP_CountValidation : PASSED
]]></system-out>
  </testcase>
  <testcase name="dataCompleteness[T_EMP_DataCompletenessValidation](11)" classname="testCases.DataCompletenessValidation" time="0.054">
    <failure message="Test failed: java.lang.AssertionError: Details of Differences:&#10;Row 1:&#10;   Column 2: List1 = EMP_NAME: Sunil, List2 = EMP_NAME: Smith&#10; expected [true] but found [false]" type="java.lang.AssertionError"><![CDATA[java.lang.AssertionError: 
Test failed: java.lang.AssertionError: Details of Differences:
Row 1:
   Column 2: List1 = EMP_NAME: Sunil, List2 = EMP_NAME: Smith
 expected [true] but found [false]
	at testCases.DataCompletenessValidation.dataCompleteness(DataCompletenessValidation.java:131)
	at java.base/jdk.internal.reflect.NativeMethodAccessorImpl.invoke0(Native Method)
	at java.base/jdk.internal.reflect.NativeMethodAccessorImpl.invoke(NativeMethodAccessorImpl.java:62)
	at java.base/jdk.internal.reflect.DelegatingMethodAccessorImpl.invoke(DelegatingMethodAccessorImpl.java:43)
	at java.base/java.lang.reflect.Method.invoke(Method.java:566)
	at org.testng.internal.invokers.MethodInvocationHelper.invokeMethod(MethodInvocationHelper.java:139)
	at org.testng.internal.invokers.TestInvoker.invokeMethod(TestInvoker.java:664)
	at org.testng.internal.invokers.TestInvoker.invokeTestMethod(TestInvoker.java:227)
	at org.testng.internal.invokers.MethodRunner.runInSequence(MethodRunner.java:50)
	at org.testng.internal.invokers.TestInvoker$MethodInvocationAgent.invoke(TestInvoker.java:957)
	at org.testng.internal.invokers.TestInvoker.invokeTestMethods(TestInvoker.java:200)
	at org.testng.internal.invokers.TestMethodWorker.invokeTestMethods(TestMethodWorker.java:148)
	at org.testng.internal.invokers.TestMethodWorker.run(TestMethodWorker.java:128)
	at java.base/java.util.ArrayList.forEach(ArrayList.java:1541)
	at org.testng.TestRunner.privateRun(TestRunner.java:848)
	at org.testng.TestRunner.run(TestRunner.java:621)
	at org.testng.SuiteRunner.runTest(SuiteRunner.java:443)
	at org.testng.SuiteRunner.runSequentially(SuiteRunner.java:437)
	at org.testng.SuiteRunner.privateRun(SuiteRunner.java:397)
	at org.testng.SuiteRunner.run(SuiteRunner.java:336)
	at org.testng.SuiteRunnerWorker.runSuite(SuiteRunnerWorker.java:52)
	at org.testng.SuiteRunnerWorker.run(SuiteRunnerWorker.java:95)
	at org.testng.TestNG.runSuitesSequentially(TestNG.java:1280)
	at org.testng.TestNG.runSuitesLocally(TestNG.java:1200)
	at org.testng.TestNG.runSuites(TestNG.java:1114)
	at org.testng.TestNG.run(TestNG.java:1082)
	at org.apache.maven.surefire.testng.TestNGExecutor.run(TestNGExecutor.java:308)
	at org.apache.maven.surefire.testng.TestNGXmlTestSuite.execute(TestNGXmlTestSuite.java:71)
	at org.apache.maven.surefire.testng.TestNGProvider.invoke(TestNGProvider.java:113)
	at org.apache.maven.surefire.booter.ForkedBooter.runSuitesInProcess(ForkedBooter.java:385)
	at org.apache.maven.surefire.booter.ForkedBooter.execute(ForkedBooter.java:162)
	at org.apache.maven.surefire.booter.ForkedBooter.run(ForkedBooter.java:507)
	at org.apache.maven.surefire.booter.ForkedBooter.main(ForkedBooter.java:495)
Caused by: java.util.concurrent.ExecutionException: java.lang.AssertionError: Details of Differences:
Row 1:
   Column 2: List1 = EMP_NAME: Sunil, List2 = EMP_NAME: Smith
 expected [true] but found [false]
	at java.base/java.util.concurrent.FutureTask.report(FutureTask.java:122)
	at java.base/java.util.concurrent.FutureTask.get(FutureTask.java:191)
	at testCases.DataCompletenessValidation.dataCompleteness(DataCompletenessValidation.java:128)
	... 32 more
Caused by: java.lang.AssertionError: Details of Differences:
Row 1:
   Column 2: List1 = EMP_NAME: Sunil, List2 = EMP_NAME: Smith
 expected [true] but found [false]
	at org.testng.Assert.fail(Assert.java:111)
	at org.testng.Assert.failNotEquals(Assert.java:1578)
	at org.testng.Assert.assertTrue(Assert.java:57)
	at testCases.DataCompletenessValidation.lambda$dataCompleteness$2(DataCompletenessValidation.java:101)
	at java.base/java.util.concurrent.FutureTask.run(FutureTask.java:264)
	at java.base/java.util.concurrent.ThreadPoolExecutor.runWorker(ThreadPoolExecutor.java:1128)
	at java.base/java.util.concurrent.ThreadPoolExecutor$Worker.run(ThreadPoolExecutor.java:628)
	at java.base/java.lang.Thread.run(Thread.java:834)
]]></failure>
    <system-out><![CDATA[ INFO [main] (DataCompletenessValidation.java:38) - #########################################################################    Test Case 11 : Data Completeness Validation for T_EMP_DataCompletenessValidation : STARTED
 INFO [pool-2-thread-1] (DataCompletenessValidation.java:63) - Reading source SQL query from file
 INFO [pool-2-thread-1] (sqlFunction.java:30) - Query read from file: ./SQLFiles/T_EMP_DataCompletenessValidation/source/source.sql
 INFO [pool-2-thread-1] (sqlFunction.java:71) - Query executed successfully: SELECT 
    e1.EMPNO AS EMP_ID,
    INITCAP(e1.ename) AS EMP_NAME,
    d1.dname AS DEPT_NAME,
    INITCAP(e2.ename) AS MANAGER_NAME,
    e1.job AS JOB_TYPE,
    INITCAP(d1.loc) AS LOCATION,
    TO_CHAR(e1.hiredate,'yyyy-mm-dd') as HIRE_DATE,
    ROUND(MONTHS_BETWEEN(SYSDATE, e1.hiredate) / 12) AS TOTAL_EXP_IN_COMPANY,
    e1.sal AS SALARY,
    NVL(e1.comm, 0) AS COMMISSION,
    e1.sal + NVL(e1.comm, 0) AS TOTAL_SALARY,
    CASE 
        WHEN e1.sal + NVL(e1.comm, 0) < 2000 THEN 'LOW' 
        WHEN e1.sal + NVL(e1.comm, 0) BETWEEN 2000 AND 3000 THEN 'MID' 
        ELSE 'HIGH' 
    END AS SALARY_GRADE
FROM s_emp e1 
INNER JOIN s_dept d1 ON e1.deptno = d1.deptno
INNER JOIN s_emp e2 on e2.empno=e1.mgr
order by EMP_ID

 INFO [pool-2-thread-1] (DataCompletenessValidation.java:77) - Reading target SQL query from file
 INFO [pool-2-thread-1] (sqlFunction.java:30) - Query read from file: ./SQLFiles/T_EMP_DataCompletenessValidation/target/target.sql
 INFO [pool-2-thread-1] (sqlFunction.java:71) - Query executed successfully: select 
EMP_ID,
EMP_NAME,
DEPT_NAME,
MANAGER_NAME,
JOB_TYPE,
LOCATION,
HIRE_DATE,
TOTAL_EXP_IN_COMPANY,
SALARY,
COMMISSION,
TOTAL_SALARY,
SALARY_GRADE
from t_emp
order by EMP_ID

 INFO [pool-2-thread-1] (DataCompletenessValidation.java:85) - Finding differing rows
ERROR [pool-2-thread-1] (DataCompletenessValidation.java:99) - $$$$$$$$$$$$$$$$$$$$$$$$$$$$$$$$$$$$$$$$$$$$$$$$$$$$$$$$$$$$$$$$$$$$$$$$    Test Case 11 : Data Completeness Validation for T_EMP_DataCompletenessValidation : FAILED
ERROR [main] (DataCompletenessValidation.java:130) - Test failed: java.lang.AssertionError: Details of Differences:
Row 1:
   Column 2: List1 = EMP_NAME: Sunil, List2 = EMP_NAME: Smith
 expected [true] but found [false]
java.util.concurrent.ExecutionException: java.lang.AssertionError: Details of Differences:
Row 1:
   Column 2: List1 = EMP_NAME: Sunil, List2 = EMP_NAME: Smith
 expected [true] but found [false]
	at java.base/java.util.concurrent.FutureTask.report(FutureTask.java:122)
	at java.base/java.util.concurrent.FutureTask.get(FutureTask.java:191)
	at testCases.DataCompletenessValidation.dataCompleteness(DataCompletenessValidation.java:128)
	at java.base/jdk.internal.reflect.NativeMethodAccessorImpl.invoke0(Native Method)
	at java.base/jdk.internal.reflect.NativeMethodAccessorImpl.invoke(NativeMethodAccessorImpl.java:62)
	at java.base/jdk.internal.reflect.DelegatingMethodAccessorImpl.invoke(DelegatingMethodAccessorImpl.java:43)
	at java.base/java.lang.reflect.Method.invoke(Method.java:566)
	at org.testng.internal.invokers.MethodInvocationHelper.invokeMethod(MethodInvocationHelper.java:139)
	at org.testng.internal.invokers.TestInvoker.invokeMethod(TestInvoker.java:664)
	at org.testng.internal.invokers.TestInvoker.invokeTestMethod(TestInvoker.java:227)
	at org.testng.internal.invokers.MethodRunner.runInSequence(MethodRunner.java:50)
	at org.testng.internal.invokers.TestInvoker$MethodInvocationAgent.invoke(TestInvoker.java:957)
	at org.testng.internal.invokers.TestInvoker.invokeTestMethods(TestInvoker.java:200)
	at org.testng.internal.invokers.TestMethodWorker.invokeTestMethods(TestMethodWorker.java:148)
	at org.testng.internal.invokers.TestMethodWorker.run(TestMethodWorker.java:128)
	at java.base/java.util.ArrayList.forEach(ArrayList.java:1541)
	at org.testng.TestRunner.privateRun(TestRunner.java:848)
	at org.testng.TestRunner.run(TestRunner.java:621)
	at org.testng.SuiteRunner.runTest(SuiteRunner.java:443)
	at org.testng.SuiteRunner.runSequentially(SuiteRunner.java:437)
	at org.testng.SuiteRunner.privateRun(SuiteRunner.java:397)
	at org.testng.SuiteRunner.run(SuiteRunner.java:336)
	at org.testng.SuiteRunnerWorker.runSuite(SuiteRunnerWorker.java:52)
	at org.testng.SuiteRunnerWorker.run(SuiteRunnerWorker.java:95)
	at org.testng.TestNG.runSuitesSequentially(TestNG.java:1280)
	at org.testng.TestNG.runSuitesLocally(TestNG.java:1200)
	at org.testng.TestNG.runSuites(TestNG.java:1114)
	at org.testng.TestNG.run(TestNG.java:1082)
	at org.apache.maven.surefire.testng.TestNGExecutor.run(TestNGExecutor.java:308)
	at org.apache.maven.surefire.testng.TestNGXmlTestSuite.execute(TestNGXmlTestSuite.java:71)
	at org.apache.maven.surefire.testng.TestNGProvider.invoke(TestNGProvider.java:113)
	at org.apache.maven.surefire.booter.ForkedBooter.runSuitesInProcess(ForkedBooter.java:385)
	at org.apache.maven.surefire.booter.ForkedBooter.execute(ForkedBooter.java:162)
	at org.apache.maven.surefire.booter.ForkedBooter.run(ForkedBooter.java:507)
	at org.apache.maven.surefire.booter.ForkedBooter.main(ForkedBooter.java:495)
Caused by: java.lang.AssertionError: Details of Differences:
Row 1:
   Column 2: List1 = EMP_NAME: Sunil, List2 = EMP_NAME: Smith
 expected [true] but found [false]
	at org.testng.Assert.fail(Assert.java:111)
	at org.testng.Assert.failNotEquals(Assert.java:1578)
	at org.testng.Assert.assertTrue(Assert.java:57)
	at testCases.DataCompletenessValidation.lambda$dataCompleteness$2(DataCompletenessValidation.java:101)
	at java.base/java.util.concurrent.FutureTask.run(FutureTask.java:264)
	at java.base/java.util.concurrent.ThreadPoolExecutor.runWorker(ThreadPoolExecutor.java:1128)
	at java.base/java.util.concurrent.ThreadPoolExecutor$Worker.run(ThreadPoolExecutor.java:628)
	at java.base/java.lang.Thread.run(Thread.java:834)
]]></system-out>
  </testcase>
  <testcase name="dataCompleteness[T_EMP_DuplicateValidation](12)" classname="testCases.DataCompletenessValidation" time="0.015">
    <system-out><![CDATA[ INFO [main] (DataCompletenessValidation.java:38) - #########################################################################    Test Case 12 : Data Completeness Validation for T_EMP_DuplicateValidation : STARTED
 INFO [pool-2-thread-2] (DataCompletenessValidation.java:63) - Reading source SQL query from file
 INFO [pool-2-thread-2] (sqlFunction.java:30) - Query read from file: ./SQLFiles/T_EMP_DuplicateValidation/source/source.sql
 INFO [pool-2-thread-2] (sqlFunction.java:71) - Query executed successfully: select 0 as No_Of_Duplicate_Rows from dual

 INFO [pool-2-thread-2] (DataCompletenessValidation.java:77) - Reading target SQL query from file
 INFO [pool-2-thread-2] (sqlFunction.java:30) - Query read from file: ./SQLFiles/T_EMP_DuplicateValidation/target/target.sql
 INFO [pool-2-thread-2] (sqlFunction.java:71) - Query executed successfully: select dup.No_Of_Duplicate_Rows from(
select 
EMP_ID,
EMP_NAME,
DEPT_NAME,
MANAGER_NAME,
JOB_TYPE,
LOCATION,
HIRE_DATE,
TOTAL_EXP_IN_COMPANY,
SALARY,
COMMISSION,
TOTAL_SALARY,
SALARY_GRADE,
COUNT(*) as No_Of_Duplicate_Rows
from T_EMP
group by
EMP_ID,
EMP_NAME,
DEPT_NAME,
MANAGER_NAME,
JOB_TYPE,
LOCATION,
HIRE_DATE,
TOTAL_EXP_IN_COMPANY,
SALARY,
COMMISSION,
TOTAL_SALARY,
SALARY_GRADE
having COUNT(*) >1) dup

 INFO [pool-2-thread-2] (DataCompletenessValidation.java:85) - Finding differing rows
 INFO [pool-2-thread-2] (DataCompletenessValidation.java:93) - Asserting that the lists are equal
 INFO [pool-2-thread-2] (DataCompletenessValidation.java:94) - #########################################################################    Test Case 12 : Data Completeness Validation for T_EMP_DuplicateValidation : PASSED
]]></system-out>
  </testcase>
  <testcase name="dataCompleteness[T_EMP_PrimaryKey_Validation](13)" classname="testCases.DataCompletenessValidation" time="0.011">
    <system-out><![CDATA[ INFO [main] (DataCompletenessValidation.java:38) - #########################################################################    Test Case 13 : Data Completeness Validation for T_EMP_PrimaryKey_Validation : STARTED
 INFO [pool-2-thread-3] (DataCompletenessValidation.java:63) - Reading source SQL query from file
 INFO [pool-2-thread-3] (sqlFunction.java:30) - Query read from file: ./SQLFiles/T_EMP_PrimaryKey_Validation/source/source.sql
 INFO [pool-2-thread-3] (sqlFunction.java:71) - Query executed successfully: select 0 as Null_and_Duplicates from dual

 INFO [pool-2-thread-3] (DataCompletenessValidation.java:77) - Reading target SQL query from file
 INFO [pool-2-thread-3] (sqlFunction.java:30) - Query read from file: ./SQLFiles/T_EMP_PrimaryKey_Validation/target/target.sql
 INFO [pool-2-thread-3] (sqlFunction.java:71) - Query executed successfully: select count(*) as Null_and_Duplicates from T_emp where EMP_ID is null
union
select e.cnt from(
select emp_id, count(*) cnt from t_emp group by emp_id having cnt>1)e

 INFO [pool-2-thread-3] (DataCompletenessValidation.java:85) - Finding differing rows
 INFO [pool-2-thread-3] (DataCompletenessValidation.java:93) - Asserting that the lists are equal
 INFO [pool-2-thread-3] (DataCompletenessValidation.java:94) - #########################################################################    Test Case 13 : Data Completeness Validation for T_EMP_PrimaryKey_Validation : PASSED
]]></system-out>
  </testcase>
  <testcase name="dataCompleteness[T_EMP_SurrogateKey_Validation](14)" classname="testCases.DataCompletenessValidation" time="0.009">
    <system-out><![CDATA[ INFO [main] (DataCompletenessValidation.java:38) - #########################################################################    Test Case 14 : Data Completeness Validation for T_EMP_SurrogateKey_Validation : STARTED
 INFO [pool-2-thread-4] (DataCompletenessValidation.java:63) - Reading source SQL query from file
 INFO [pool-2-thread-4] (sqlFunction.java:30) - Query read from file: ./SQLFiles/T_EMP_SurrogateKey_Validation/source/source.sql
 INFO [pool-2-thread-4] (sqlFunction.java:71) - Query executed successfully: select 0 as Null_and_Duplicates from dual

 INFO [pool-2-thread-4] (DataCompletenessValidation.java:77) - Reading target SQL query from file
 INFO [pool-2-thread-4] (sqlFunction.java:30) - Query read from file: ./SQLFiles/T_EMP_SurrogateKey_Validation/target/target.sql
 INFO [pool-2-thread-4] (sqlFunction.java:71) - Query executed successfully: select count(*) as Null_and_Duplicates from T_emp where T_EMP_ID is null
union
select e.cnt from(
select t_emp_id, count(*) cnt from t_emp group by t_emp_id having cnt>1)e

 INFO [pool-2-thread-4] (DataCompletenessValidation.java:85) - Finding differing rows
 INFO [pool-2-thread-4] (DataCompletenessValidation.java:93) - Asserting that the lists are equal
 INFO [pool-2-thread-4] (DataCompletenessValidation.java:94) - #########################################################################    Test Case 14 : Data Completeness Validation for T_EMP_SurrogateKey_Validation : PASSED
]]></system-out>
  </testcase>
  <testcase name="tableMetadataValidation[T_EMP](1)" classname="testCases.TableMetadataValidation" time="0.011">
    <failure message="Test failed: [{COLUMN_NAME=EMP_ID345, TARGET_COLUMN_NAME=EMP_ID}, {COLUMN_NAME=T_EMP_ID1212, TARGET_COLUMN_NAME=T_EMP_ID}] expected [true] but found [false]" type="java.lang.AssertionError"><![CDATA[java.lang.AssertionError: Test failed: [{COLUMN_NAME=EMP_ID345, TARGET_COLUMN_NAME=EMP_ID}, {COLUMN_NAME=T_EMP_ID1212, TARGET_COLUMN_NAME=T_EMP_ID}] expected [true] but found [false]
	at testCases.TableMetadataValidation.tableMetadataValidation(TableMetadataValidation.java:60)
	at java.base/jdk.internal.reflect.NativeMethodAccessorImpl.invoke0(Native Method)
	at java.base/jdk.internal.reflect.NativeMethodAccessorImpl.invoke(NativeMethodAccessorImpl.java:62)
	at java.base/jdk.internal.reflect.DelegatingMethodAccessorImpl.invoke(DelegatingMethodAccessorImpl.java:43)
	at java.base/java.lang.reflect.Method.invoke(Method.java:566)
	at org.testng.internal.invokers.MethodInvocationHelper.invokeMethod(MethodInvocationHelper.java:139)
	at org.testng.internal.invokers.TestInvoker.invokeMethod(TestInvoker.java:664)
	at org.testng.internal.invokers.TestInvoker.invokeTestMethod(TestInvoker.java:227)
	at org.testng.internal.invokers.MethodRunner.runInSequence(MethodRunner.java:50)
	at org.testng.internal.invokers.TestInvoker$MethodInvocationAgent.invoke(TestInvoker.java:957)
	at org.testng.internal.invokers.TestInvoker.invokeTestMethods(TestInvoker.java:200)
	at org.testng.internal.invokers.TestMethodWorker.invokeTestMethods(TestMethodWorker.java:148)
	at org.testng.internal.invokers.TestMethodWorker.run(TestMethodWorker.java:128)
	at java.base/java.util.ArrayList.forEach(ArrayList.java:1541)
	at org.testng.TestRunner.privateRun(TestRunner.java:848)
	at org.testng.TestRunner.run(TestRunner.java:621)
	at org.testng.SuiteRunner.runTest(SuiteRunner.java:443)
	at org.testng.SuiteRunner.runSequentially(SuiteRunner.java:437)
	at org.testng.SuiteRunner.privateRun(SuiteRunner.java:397)
	at org.testng.SuiteRunner.run(SuiteRunner.java:336)
	at org.testng.SuiteRunnerWorker.runSuite(SuiteRunnerWorker.java:52)
	at org.testng.SuiteRunnerWorker.run(SuiteRunnerWorker.java:95)
	at org.testng.TestNG.runSuitesSequentially(TestNG.java:1280)
	at org.testng.TestNG.runSuitesLocally(TestNG.java:1200)
	at org.testng.TestNG.runSuites(TestNG.java:1114)
	at org.testng.TestNG.run(TestNG.java:1082)
	at org.apache.maven.surefire.testng.TestNGExecutor.run(TestNGExecutor.java:308)
	at org.apache.maven.surefire.testng.TestNGXmlTestSuite.execute(TestNGXmlTestSuite.java:71)
	at org.apache.maven.surefire.testng.TestNGProvider.invoke(TestNGProvider.java:113)
	at org.apache.maven.surefire.booter.ForkedBooter.runSuitesInProcess(ForkedBooter.java:385)
	at org.apache.maven.surefire.booter.ForkedBooter.execute(ForkedBooter.java:162)
	at org.apache.maven.surefire.booter.ForkedBooter.run(ForkedBooter.java:507)
	at org.apache.maven.surefire.booter.ForkedBooter.main(ForkedBooter.java:495)
Caused by: java.lang.AssertionError: [{COLUMN_NAME=EMP_ID345, TARGET_COLUMN_NAME=EMP_ID}, {COLUMN_NAME=T_EMP_ID1212, TARGET_COLUMN_NAME=T_EMP_ID}] expected [true] but found [false]
	at org.testng.Assert.fail(Assert.java:111)
	at org.testng.Assert.failNotEquals(Assert.java:1578)
	at org.testng.Assert.assertTrue(Assert.java:57)
	at testCases.TableMetadataValidation.tableMetadataValidation(TableMetadataValidation.java:56)
	... 32 more
]]></failure>
    <system-out><![CDATA[ INFO [main] (TestBase.java:137) - Teardown started..............
 INFO [main] (DatabaseConn.java:18) - Database Connection Closed
 INFO [main] (TestBase.java:148) - Source database connection closed successfully.
 INFO [main] (DatabaseConn.java:18) - Database Connection Closed
 INFO [main] (TestBase.java:152) - Target database connection closed successfully.
 INFO [main] (TestBase.java:157) - Thread pool shut down successfully.
 INFO [main] (TestBase.java:158) - ****************************************************    Teardown Completed     ********************************************
 INFO [main] (TestBase.java:42) - BeforeClass setUp() execution started............
 INFO [main] (Log4jConfigurator.java:16) - Log4j configuration loaded successfully.
 INFO [main] (TestBase.java:45) - Log4j configured successfully.
 INFO [main] (TestBase.java:51) - Properties file loaded successfully.
 INFO [main] (TestBase.java:57) - Thread Pool created
 INFO [main] (TestBase.java:82) - Target Database selected : mysql
 INFO [main] (TestBase.java:85) - Auto Generated Metadata option selected as : yes
 INFO [main] (MetadataExcelGenerator.java:21) - Starting metadata Excel generation...
 INFO [main] (MetadataExcelGenerator.java:28) - Existing Metadata Excel deleted: ./TableMetadata/metadata_excel.xlsx
 INFO [main] (MetadataExcelGenerator.java:98) - Metadata Excel auto-generated successfully at: ./TableMetadata/metadata_excel.xlsx
 INFO [main] (TestBase.java:89) - Metadata Excel Generation Completed....
 INFO [main] (DatabaseConn.java:29) - Database is Connected
 INFO [main] (TestBase.java:101) - Target database connection established successfully.
 INFO [main] (TestBase.java:107) - ********************************    Target Set up completed     *********************************
 INFO [main] (TestBase.java:109) - Source Database selected : oracle
 INFO [main] (DatabaseConn.java:29) - Database is Connected
 INFO [main] (TestBase.java:115) - Source database connection established successfully.
 INFO [main] (TestBase.java:131) - ********************************    Source Set up completed    *********************************
 INFO [main] (TableMetadataValidation.java:88) - Workbook loaded successfully.
 INFO [main] (TableMetadataValidation.java:33) - #########################################################################    Test Case 15 : Table Metadata Validation for T_EMP : STARTED
 INFO [main] (TableMetadataValidation.java:35) - Processing Table: T_EMP
 INFO [main] (TableMetadataValidation.java:186) - Sorted Metadata from Mapping Sheet:[{COLUMN_NAME=COMMISSION, DATA_TYPE=int}, {COLUMN_NAME=DEPT_NAME, DATA_TYPE=varchar(20)}, {COLUMN_NAME=EMP_ID345, DATA_TYPE=int}, {COLUMN_NAME=EMP_NAME, DATA_TYPE=varchar(50)}, {COLUMN_NAME=HIRE_DATE, DATA_TYPE=date}, {COLUMN_NAME=JOB_TYPE, DATA_TYPE=varchar(20)}, {COLUMN_NAME=LOCATION, DATA_TYPE=varchar(30)}, {COLUMN_NAME=MANAGER_NAME, DATA_TYPE=varchar(50)}, {COLUMN_NAME=SALARY, DATA_TYPE=int}, {COLUMN_NAME=SALARY_GRADE, DATA_TYPE=varchar(10)}, {COLUMN_NAME=T_EMP_ID1212, DATA_TYPE=int}, {COLUMN_NAME=TOTAL_EXP_IN_COMPANY, DATA_TYPE=int}, {COLUMN_NAME=TOTAL_SALARY, DATA_TYPE=int}]
 INFO [main] (MySqlMetadataRetrieval.java:35) - Metadata retrieval from MySQL table completed for table: T_EMP
 INFO [main] (MySqlMetadataRetrieval.java:45) - Metadata from MySQL Table:[{COLUMN_NAME=COMMISSION, DATA_TYPE=int}, {COLUMN_NAME=DEPT_NAME, DATA_TYPE=varchar(20)}, {COLUMN_NAME=EMP_ID, DATA_TYPE=int}, {COLUMN_NAME=EMP_NAME, DATA_TYPE=varchar(50)}, {COLUMN_NAME=HIRE_DATE, DATA_TYPE=date}, {COLUMN_NAME=JOB_TYPE, DATA_TYPE=varchar(20)}, {COLUMN_NAME=LOCATION, DATA_TYPE=varchar(30)}, {COLUMN_NAME=MANAGER_NAME, DATA_TYPE=varchar(50)}, {COLUMN_NAME=SALARY, DATA_TYPE=int}, {COLUMN_NAME=SALARY_GRADE, DATA_TYPE=varchar(10)}, {COLUMN_NAME=T_EMP_ID, DATA_TYPE=int}, {COLUMN_NAME=TOTAL_EXP_IN_COMPANY, DATA_TYPE=int}, {COLUMN_NAME=TOTAL_SALARY, DATA_TYPE=int}]
 INFO [main] (TableMetadataValidation.java:202) - Metadata Mismatch for Table: T_EMP
 INFO [main] (TableMetadataValidation.java:203) - Source Column: {COLUMN_NAME=EMP_ID345, DATA_TYPE=int}
 INFO [main] (TableMetadataValidation.java:204) - Target Column: {COLUMN_NAME=EMP_ID, DATA_TYPE=int}
ERROR [main] (TableMetadataValidation.java:52) - $$$$$$$$$$$$$$$$$$$$$$$$$$$$$$$$$$$$$$$$$$$$$$$$$$$$$$$$$$$$$$$$$$$$$$$$    Test Case 15 : Table Metadata Validation for T_EMP : FAILED
ERROR [main] (TableMetadataValidation.java:59) - Test failed: [{COLUMN_NAME=EMP_ID345, TARGET_COLUMN_NAME=EMP_ID}, {COLUMN_NAME=T_EMP_ID1212, TARGET_COLUMN_NAME=T_EMP_ID}] expected [true] but found [false]
java.lang.AssertionError: [{COLUMN_NAME=EMP_ID345, TARGET_COLUMN_NAME=EMP_ID}, {COLUMN_NAME=T_EMP_ID1212, TARGET_COLUMN_NAME=T_EMP_ID}] expected [true] but found [false]
	at org.testng.Assert.fail(Assert.java:111)
	at org.testng.Assert.failNotEquals(Assert.java:1578)
	at org.testng.Assert.assertTrue(Assert.java:57)
	at testCases.TableMetadataValidation.tableMetadataValidation(TableMetadataValidation.java:56)
	at java.base/jdk.internal.reflect.NativeMethodAccessorImpl.invoke0(Native Method)
	at java.base/jdk.internal.reflect.NativeMethodAccessorImpl.invoke(NativeMethodAccessorImpl.java:62)
	at java.base/jdk.internal.reflect.DelegatingMethodAccessorImpl.invoke(DelegatingMethodAccessorImpl.java:43)
	at java.base/java.lang.reflect.Method.invoke(Method.java:566)
	at org.testng.internal.invokers.MethodInvocationHelper.invokeMethod(MethodInvocationHelper.java:139)
	at org.testng.internal.invokers.TestInvoker.invokeMethod(TestInvoker.java:664)
	at org.testng.internal.invokers.TestInvoker.invokeTestMethod(TestInvoker.java:227)
	at org.testng.internal.invokers.MethodRunner.runInSequence(MethodRunner.java:50)
	at org.testng.internal.invokers.TestInvoker$MethodInvocationAgent.invoke(TestInvoker.java:957)
	at org.testng.internal.invokers.TestInvoker.invokeTestMethods(TestInvoker.java:200)
	at org.testng.internal.invokers.TestMethodWorker.invokeTestMethods(TestMethodWorker.java:148)
	at org.testng.internal.invokers.TestMethodWorker.run(TestMethodWorker.java:128)
	at java.base/java.util.ArrayList.forEach(ArrayList.java:1541)
	at org.testng.TestRunner.privateRun(TestRunner.java:848)
	at org.testng.TestRunner.run(TestRunner.java:621)
	at org.testng.SuiteRunner.runTest(SuiteRunner.java:443)
	at org.testng.SuiteRunner.runSequentially(SuiteRunner.java:437)
	at org.testng.SuiteRunner.privateRun(SuiteRunner.java:397)
	at org.testng.SuiteRunner.run(SuiteRunner.java:336)
	at org.testng.SuiteRunnerWorker.runSuite(SuiteRunnerWorker.java:52)
	at org.testng.SuiteRunnerWorker.run(SuiteRunnerWorker.java:95)
	at org.testng.TestNG.runSuitesSequentially(TestNG.java:1280)
	at org.testng.TestNG.runSuitesLocally(TestNG.java:1200)
	at org.testng.TestNG.runSuites(TestNG.java:1114)
	at org.testng.TestNG.run(TestNG.java:1082)
	at org.apache.maven.surefire.testng.TestNGExecutor.run(TestNGExecutor.java:308)
	at org.apache.maven.surefire.testng.TestNGXmlTestSuite.execute(TestNGXmlTestSuite.java:71)
	at org.apache.maven.surefire.testng.TestNGProvider.invoke(TestNGProvider.java:113)
	at org.apache.maven.surefire.booter.ForkedBooter.runSuitesInProcess(ForkedBooter.java:385)
	at org.apache.maven.surefire.booter.ForkedBooter.execute(ForkedBooter.java:162)
	at org.apache.maven.surefire.booter.ForkedBooter.run(ForkedBooter.java:507)
	at org.apache.maven.surefire.booter.ForkedBooter.main(ForkedBooter.java:495)
]]></system-out>
  </testcase>
  <testcase name="tableMetadataValidation[T_DEPT](2)" classname="testCases.TableMetadataValidation" time="0.01">
    <system-out><![CDATA[ INFO [main] (TableMetadataValidation.java:33) - #########################################################################    Test Case 16 : Table Metadata Validation for T_DEPT : STARTED
 INFO [main] (TableMetadataValidation.java:35) - Processing Table: T_DEPT
 INFO [main] (TableMetadataValidation.java:186) - Sorted Metadata from Mapping Sheet:[{COLUMN_NAME=DEPTNO, DATA_TYPE=int}, {COLUMN_NAME=DNAME, DATA_TYPE=varchar(14)}, {COLUMN_NAME=LOC, DATA_TYPE=varchar(13)}, {COLUMN_NAME=T_DEPT_ID, DATA_TYPE=int}]
 INFO [main] (MySqlMetadataRetrieval.java:35) - Metadata retrieval from MySQL table completed for table: T_DEPT
 INFO [main] (MySqlMetadataRetrieval.java:45) - Metadata from MySQL Table:[{COLUMN_NAME=DEPTNO, DATA_TYPE=int}, {COLUMN_NAME=DNAME, DATA_TYPE=varchar(14)}, {COLUMN_NAME=LOC, DATA_TYPE=varchar(13)}, {COLUMN_NAME=T_DEPT_ID, DATA_TYPE=int}]
 INFO [main] (TableMetadataValidation.java:46) - Metadata Match for Table: T_DEPT
 INFO [main] (TableMetadataValidation.java:47) - #########################################################################    Test Case 16 : Table Metadata Validation for T_DEPT : PASSED
]]></system-out>
  </testcase>
</testsuite>