<?xml version="1.0" encoding="UTF-8"?>
<!-- Generated by org.testng.reporters.JUnitReportReporter -->
<testsuite hostname="LAPTOP-2A2K6UEC" failures="0" tests="3" name="etl.QueryComparisonTestNG" time="3.187" errors="0" timestamp="2023-10-16T22:33:47 IST" skipped="0">
  <testcase classname="etl.QueryComparisonTestNG" name="testListsEquality" time="0.203"/>
  <testcase classname="etl.QueryComparisonTestNG" name="testListsEquality" time="2.800"/>
  <testcase classname="etl.QueryComparisonTestNG" name="testListsEquality" time="0.184"/>
</testsuite> <!-- etl.QueryComparisonTestNG -->
