<?xml version="1.0" encoding="UTF-8"?>
<!-- Generated by org.testng.reporters.JUnitReportReporter -->
<testsuite hostname="LAPTOP-2A2K6UEC" failures="0" tests="2" name="etl.QueryComparisonTestNG" time="0.980" errors="0" timestamp="2023-10-13T12:30:08 IST" skipped="0">
  <testcase classname="etl.QueryComparisonTestNG" name="testListsEquality" time="0.906"/>
  <testcase classname="etl.QueryComparisonTestNG" name="testListsEquality" time="0.074"/>
</testsuite> <!-- etl.QueryComparisonTestNG -->
