<?xml version="1.0" encoding="UTF-8"?>
<!-- Generated by org.testng.reporters.JUnitReportReporter -->
<testsuite hostname="BMOHANTY02" failures="0" tests="2" name="testCases.TableMetadataValidation" time="0.019" errors="0" timestamp="2023-12-11T11:13:33 IST" skipped="0">
  <testcase classname="testCases.TableMetadataValidation" name="tableMetadataValidation" time="0.005"/>
  <testcase classname="testCases.TableMetadataValidation" name="tableMetadataValidation" time="0.014"/>
</testsuite> <!-- testCases.TableMetadataValidation -->
