<?xml version="1.0" encoding="UTF-8"?>
<!-- Generated by org.testng.reporters.JUnitReportReporter -->
<testsuite hostname="BMOHANTY02" failures="0" tests="7" name="testCases.DataCompletenessValidation" time="10.735" errors="0" timestamp="2023-12-25T15:59:57 IST" skipped="0">
  <testcase classname="testCases.DataCompletenessValidation" name="dataCompleteness" time="5.478"/>
  <testcase classname="testCases.DataCompletenessValidation" name="dataCompleteness" time="0.039"/>
  <testcase classname="testCases.DataCompletenessValidation" name="dataCompleteness" time="0.099"/>
  <testcase classname="testCases.DataCompletenessValidation" name="dataCompleteness" time="5.027"/>
  <testcase classname="testCases.DataCompletenessValidation" name="dataCompleteness" time="0.008"/>
  <testcase classname="testCases.DataCompletenessValidation" name="dataCompleteness" time="0.005"/>
  <testcase classname="testCases.DataCompletenessValidation" name="dataCompleteness" time="0.079"/>
</testsuite> <!-- testCases.DataCompletenessValidation -->
