<?xml version="1.0" encoding="UTF-8"?>
<!-- Generated by org.testng.reporters.JUnitReportReporter -->
<testsuite hostname="BMOHANTY02" failures="0" tests="7" name="testCases.DataCompletenessValidation" time="9.237" errors="0" timestamp="2023-12-11T11:13:33 IST" skipped="0">
  <testcase classname="testCases.DataCompletenessValidation" name="dataCompleteness" time="5.115"/>
  <testcase classname="testCases.DataCompletenessValidation" name="dataCompleteness" time="0.030"/>
  <testcase classname="testCases.DataCompletenessValidation" name="dataCompleteness" time="0.133"/>
  <testcase classname="testCases.DataCompletenessValidation" name="dataCompleteness" time="3.862"/>
  <testcase classname="testCases.DataCompletenessValidation" name="dataCompleteness" time="0.014"/>
  <testcase classname="testCases.DataCompletenessValidation" name="dataCompleteness" time="0.004"/>
  <testcase classname="testCases.DataCompletenessValidation" name="dataCompleteness" time="0.079"/>
</testsuite> <!-- testCases.DataCompletenessValidation -->
