<?xml version="1.0" encoding="UTF-8"?>
<!-- Generated by org.testng.reporters.JUnitReportReporter -->
<testsuite hostname="BMOHANTY02" failures="0" tests="7" name="testCases.DataCompletenessValidation" time="8.498" errors="0" timestamp="2023-12-14T22:29:07 IST" skipped="0">
  <testcase classname="testCases.DataCompletenessValidation" name="dataCompleteness" time="4.177"/>
  <testcase classname="testCases.DataCompletenessValidation" name="dataCompleteness" time="0.031"/>
  <testcase classname="testCases.DataCompletenessValidation" name="dataCompleteness" time="0.150"/>
  <testcase classname="testCases.DataCompletenessValidation" name="dataCompleteness" time="4.040"/>
  <testcase classname="testCases.DataCompletenessValidation" name="dataCompleteness" time="0.007"/>
  <testcase classname="testCases.DataCompletenessValidation" name="dataCompleteness" time="0.005"/>
  <testcase classname="testCases.DataCompletenessValidation" name="dataCompleteness" time="0.088"/>
</testsuite> <!-- testCases.DataCompletenessValidation -->
